<?xml version="1.0" encoding="UTF-8"?>
<testsuite name="Aademy Choucair" tests="1" skipped="0" failures="0" errors="0" timestamp="2022-10-23T17:09:23" hostname="DESKTOP-NSN2TP9" time="25.095">
  <properties/>
  <testcase name="Search for a automation course" classname="Aademy Choucair" time="25.095"/>
  <system-out><![CDATA[]]></system-out>
  <system-err><![CDATA[[Test worker] WARN net.thucydides.core.steps.BaseStepListener - stepStarted: net.thucydides.core.steps.ExecutedStepDescription@669513d8
[Test worker] WARN net.thucydides.core.steps.BaseStepListener - stepStarted: net.thucydides.core.steps.ExecutedStepDescription@7918c7f8
[Test worker] WARN net.thucydides.core.steps.BaseStepListener - stepStarted: net.thucydides.core.steps.ExecutedStepDescription@76c52298
Oct 23, 2022 12:09:24 PM org.openqa.selenium.remote.DesiredCapabilities chrome
INFO: Using `new ChromeOptions()` is preferred to `DesiredCapabilities.chrome()`
[Test worker] INFO net.serenitybdd.core.webdriver.driverproviders.ProvideNewDriver - Instantiating driver
[Test worker] INFO net.serenitybdd.core.webdriver.driverproviders.ProvideNewDriver - Driver capabilities: Capabilities {acceptInsecureCerts: false, browserName: chrome, chrome.switches: --start-maximized, goog:chromeOptions: {args: [--start-maximized], extensions: []}, loggingPrefs: org.openqa.selenium.logging..., platform: ANY, version: }
Starting ChromeDriver 106.0.5249.61 (511755355844955cd3e264779baf0dd38212a4d0-refs/branch-heads/5249@{#569}) on port 15562
Only local connections are allowed.
Please see https://chromedriver.chromium.org/security-considerations for suggestions on keeping ChromeDriver safe.
ChromeDriver was started successfully.
Oct 23, 2022 12:09:26 PM org.openqa.selenium.remote.ProtocolHandshake createSession
INFO: Detected dialect: W3C
[Test worker] WARN net.thucydides.core.steps.BaseStepListener - stepFinished: current outcome:Search for a automation course:Example: {strUser=1000589749, strPassword=Choucair2021*, strCourse=Advanced Level Test Manager} [Given that Brandon wants to learn automation at the academy Choucair
| strUser | strPassword |
| 1000589749 | Choucair2021* | [Brandon open up [Brandon opens the Choucair academy page]]]
[Test worker] WARN net.thucydides.core.steps.BaseStepListener - stepFinished: current outcome:Search for a automation course:Example: {strUser=1000589749, strPassword=Choucair2021*, strCourse=Advanced Level Test Manager} [Given that Brandon wants to learn automation at the academy Choucair
| strUser | strPassword |
| 1000589749 | Choucair2021* | [Brandon open up [Brandon opens the Choucair academy page]]]
[Test worker] WARN net.thucydides.core.steps.BaseStepListener - stepStarted: net.thucydides.core.steps.ExecutedStepDescription@66223d94
[Test worker] WARN net.thucydides.core.steps.BaseStepListener - stepStarted: net.thucydides.core.steps.ExecutedStepDescription@2792b416
[Test worker] WARN net.thucydides.core.steps.BaseStepListener - stepFinished: current outcome:Search for a automation course:Example: {strUser=1000589749, strPassword=Choucair2021*, strCourse=Advanced Level Test Manager} [Given that Brandon wants to learn automation at the academy Choucair
| strUser | strPassword |
| 1000589749 | Choucair2021* | [Brandon open up [Brandon opens the Choucair academy page], Brandon login [Brandon clicks on Button that shows us the form to login]]]
[Test worker] WARN net.thucydides.core.steps.BaseStepListener - stepStarted: net.thucydides.core.steps.ExecutedStepDescription@1a464fa3
[Test worker] WARN net.thucydides.core.steps.BaseStepListener - stepFinished: current outcome:Search for a automation course:Example: {strUser=1000589749, strPassword=Choucair2021*, strCourse=Advanced Level Test Manager} [Given that Brandon wants to learn automation at the academy Choucair
| strUser | strPassword |
| 1000589749 | Choucair2021* | [Brandon open up [Brandon opens the Choucair academy page], Brandon login [Brandon clicks on Button that shows us the form to login, Brandon enters '1000589749' into Button that shows us the form to login]]]
[Test worker] WARN net.thucydides.core.steps.BaseStepListener - stepStarted: net.thucydides.core.steps.ExecutedStepDescription@ea04cab
[Test worker] WARN net.thucydides.core.steps.BaseStepListener - stepFinished: current outcome:Search for a automation course:Example: {strUser=1000589749, strPassword=Choucair2021*, strCourse=Advanced Level Test Manager} [Given that Brandon wants to learn automation at the academy Choucair
| strUser | strPassword |
| 1000589749 | Choucair2021* | [Brandon open up [Brandon opens the Choucair academy page], Brandon login [Brandon clicks on Button that shows us the form to login, Brandon enters '1000589749' into Button that shows us the form to login, Brandon enters 'Choucair2021*' into Button that shows us the form to login]]]
[Test worker] WARN net.thucydides.core.steps.BaseStepListener - stepStarted: net.thucydides.core.steps.ExecutedStepDescription@19fd43da
[Test worker] WARN net.thucydides.core.steps.BaseStepListener - stepFinished: current outcome:Search for a automation course:Example: {strUser=1000589749, strPassword=Choucair2021*, strCourse=Advanced Level Test Manager} [Given that Brandon wants to learn automation at the academy Choucair
| strUser | strPassword |
| 1000589749 | Choucair2021* | [Brandon open up [Brandon opens the Choucair academy page], Brandon login [Brandon clicks on Button that shows us the form to login, Brandon enters '1000589749' into Button that shows us the form to login, Brandon enters 'Choucair2021*' into Button that shows us the form to login, Brandon clicks on Button that shows us the form to login]]]
[Test worker] WARN net.thucydides.core.steps.BaseStepListener - stepStarted: net.thucydides.core.steps.ExecutedStepDescription@52454457
[Test worker] WARN net.thucydides.core.steps.BaseStepListener - stepFinished: current outcome:Search for a automation course:Example: {strUser=1000589749, strPassword=Choucair2021*, strCourse=Advanced Level Test Manager} [Given that Brandon wants to learn automation at the academy Choucair
| strUser | strPassword |
| 1000589749 | Choucair2021* | [Brandon open up [Brandon opens the Choucair academy page], Brandon login [Brandon clicks on Button that shows us the form to login, Brandon enters '1000589749' into Button that shows us the form to login, Brandon enters 'Choucair2021*' into Button that shows us the form to login, Brandon clicks on Button that shows us the form to login, Brandon clicks on Button that shows us the form to login]]]
[Test worker] WARN net.thucydides.core.steps.BaseStepListener - stepStarted: net.thucydides.core.steps.ExecutedStepDescription@43f03c23
[Test worker] WARN net.thucydides.core.steps.BaseStepListener - stepFinished: current outcome:Search for a automation course:Example: {strUser=1000589749, strPassword=Choucair2021*, strCourse=Advanced Level Test Manager} [Given that Brandon wants to learn automation at the academy Choucair
| strUser | strPassword |
| 1000589749 | Choucair2021* | [Brandon open up [Brandon opens the Choucair academy page], Brandon login [Brandon clicks on Button that shows us the form to login, Brandon enters '1000589749' into Button that shows us the form to login, Brandon enters 'Choucair2021*' into Button that shows us the form to login, Brandon clicks on Button that shows us the form to login, Brandon clicks on Button that shows us the form to login, Brandon enters '1000589749' into Button that shows us the form to login]]]
[Test worker] WARN net.thucydides.core.steps.BaseStepListener - stepStarted: net.thucydides.core.steps.ExecutedStepDescription@7f4596d0
[Test worker] WARN net.thucydides.core.steps.BaseStepListener - stepFinished: current outcome:Search for a automation course:Example: {strUser=1000589749, strPassword=Choucair2021*, strCourse=Advanced Level Test Manager} [Given that Brandon wants to learn automation at the academy Choucair
| strUser | strPassword |
| 1000589749 | Choucair2021* | [Brandon open up [Brandon opens the Choucair academy page], Brandon login [Brandon clicks on Button that shows us the form to login, Brandon enters '1000589749' into Button that shows us the form to login, Brandon enters 'Choucair2021*' into Button that shows us the form to login, Brandon clicks on Button that shows us the form to login, Brandon clicks on Button that shows us the form to login, Brandon enters '1000589749' into Button that shows us the form to login, Brandon enters 'Choucair2021*' into Button that shows us the form to login]]]
[Test worker] WARN net.thucydides.core.steps.BaseStepListener - stepStarted: net.thucydides.core.steps.ExecutedStepDescription@19489b27
[Test worker] WARN net.thucydides.core.steps.BaseStepListener - stepFinished: current outcome:Search for a automation course:Example: {strUser=1000589749, strPassword=Choucair2021*, strCourse=Advanced Level Test Manager} [Given that Brandon wants to learn automation at the academy Choucair
| strUser | strPassword |
| 1000589749 | Choucair2021* | [Brandon open up [Brandon opens the Choucair academy page], Brandon login [Brandon clicks on Button that shows us the form to login, Brandon enters '1000589749' into Button that shows us the form to login, Brandon enters 'Choucair2021*' into Button that shows us the form to login, Brandon clicks on Button that shows us the form to login, Brandon clicks on Button that shows us the form to login, Brandon enters '1000589749' into Button that shows us the form to login, Brandon enters 'Choucair2021*' into Button that shows us the form to login, Brandon clicks on Button that shows us the form to login]]]
[Test worker] WARN net.thucydides.core.steps.BaseStepListener - stepFinished: current outcome:Search for a automation course:Example: {strUser=1000589749, strPassword=Choucair2021*, strCourse=Advanced Level Test Manager} [Given that Brandon wants to learn automation at the academy Choucair
| strUser | strPassword |
| 1000589749 | Choucair2021* | [Brandon open up [Brandon opens the Choucair academy page], Brandon login [Brandon clicks on Button that shows us the form to login, Brandon enters '1000589749' into Button that shows us the form to login, Brandon enters 'Choucair2021*' into Button that shows us the form to login, Brandon clicks on Button that shows us the form to login, Brandon clicks on Button that shows us the form to login, Brandon enters '1000589749' into Button that shows us the form to login, Brandon enters 'Choucair2021*' into Button that shows us the form to login, Brandon clicks on Button that shows us the form to login]]]
[Test worker] WARN net.thucydides.core.steps.BaseStepListener - stepFinished: current outcome:Search for a automation course:Example: {strUser=1000589749, strPassword=Choucair2021*, strCourse=Advanced Level Test Manager} [Given that Brandon wants to learn automation at the academy Choucair
| strUser | strPassword |
| 1000589749 | Choucair2021* | [Brandon open up [Brandon opens the Choucair academy page], Brandon login [Brandon clicks on Button that shows us the form to login, Brandon enters '1000589749' into Button that shows us the form to login, Brandon enters 'Choucair2021*' into Button that shows us the form to login, Brandon clicks on Button that shows us the form to login, Brandon clicks on Button that shows us the form to login, Brandon enters '1000589749' into Button that shows us the form to login, Brandon enters 'Choucair2021*' into Button that shows us the form to login, Brandon clicks on Button that shows us the form to login]]]
[Test worker] WARN net.thucydides.core.steps.BaseStepListener - stepStarted: net.thucydides.core.steps.ExecutedStepDescription@37a0ec3c
[Test worker] WARN net.thucydides.core.steps.BaseStepListener - stepStarted: net.thucydides.core.steps.ExecutedStepDescription@3ba1308d
[Test worker] WARN net.thucydides.core.steps.BaseStepListener - stepStarted: net.thucydides.core.steps.ExecutedStepDescription@432af457
[Test worker] WARN net.thucydides.core.steps.BaseStepListener - stepFinished: current outcome:Search for a automation course:Example: {strUser=1000589749, strPassword=Choucair2021*, strCourse=Advanced Level Test Manager} [Given that Brandon wants to learn automation at the academy Choucair
| strUser | strPassword |
| 1000589749 | Choucair2021* | [Brandon open up [Brandon opens the Choucair academy page], Brandon login [Brandon clicks on Button that shows us the form to login, Brandon enters '1000589749' into Button that shows us the form to login, Brandon enters 'Choucair2021*' into Button that shows us the form to login, Brandon clicks on Button that shows us the form to login, Brandon clicks on Button that shows us the form to login, Brandon enters '1000589749' into Button that shows us the form to login, Brandon enters 'Choucair2021*' into Button that shows us the form to login, Brandon clicks on Button that shows us the form to login]], When he searches for the course on the Choucair academy platform
| strCourse |
| Advanced Level Test Manager | [Brandon search [Brandon clicks on Button that shows us the list of courses]]]
[Test worker] WARN net.thucydides.core.steps.BaseStepListener - stepStarted: net.thucydides.core.steps.ExecutedStepDescription@4d93f75b
[Test worker] WARN net.thucydides.core.steps.BaseStepListener - stepFinished: current outcome:Search for a automation course:Example: {strUser=1000589749, strPassword=Choucair2021*, strCourse=Advanced Level Test Manager} [Given that Brandon wants to learn automation at the academy Choucair
| strUser | strPassword |
| 1000589749 | Choucair2021* | [Brandon open up [Brandon opens the Choucair academy page], Brandon login [Brandon clicks on Button that shows us the form to login, Brandon enters '1000589749' into Button that shows us the form to login, Brandon enters 'Choucair2021*' into Button that shows us the form to login, Brandon clicks on Button that shows us the form to login, Brandon clicks on Button that shows us the form to login, Brandon enters '1000589749' into Button that shows us the form to login, Brandon enters 'Choucair2021*' into Button that shows us the form to login, Brandon clicks on Button that shows us the form to login]], When he searches for the course on the Choucair academy platform
| strCourse |
| Advanced Level Test Manager | [Brandon search [Brandon clicks on Button that shows us the list of courses, Brandon enters 'Advanced Level Test Manager' into Bar that allows us to type the desired course]]]
[Test worker] WARN net.thucydides.core.steps.BaseStepListener - stepStarted: net.thucydides.core.steps.ExecutedStepDescription@2e1eb85f
[Test worker] WARN net.thucydides.core.steps.BaseStepListener - stepFinished: current outcome:Search for a automation course:Example: {strUser=1000589749, strPassword=Choucair2021*, strCourse=Advanced Level Test Manager} [Given that Brandon wants to learn automation at the academy Choucair
| strUser | strPassword |
| 1000589749 | Choucair2021* | [Brandon open up [Brandon opens the Choucair academy page], Brandon login [Brandon clicks on Button that shows us the form to login, Brandon enters '1000589749' into Button that shows us the form to login, Brandon enters 'Choucair2021*' into Button that shows us the form to login, Brandon clicks on Button that shows us the form to login, Brandon clicks on Button that shows us the form to login, Brandon enters '1000589749' into Button that shows us the form to login, Brandon enters 'Choucair2021*' into Button that shows us the form to login, Brandon clicks on Button that shows us the form to login]], When he searches for the course on the Choucair academy platform
| strCourse |
| Advanced Level Test Manager | [Brandon search [Brandon clicks on Button that shows us the list of courses, Brandon enters 'Advanced Level Test Manager' into Bar that allows us to type the desired course, Brandon clicks on Button that allows us to search the desired course]]]
[Test worker] WARN net.thucydides.core.steps.BaseStepListener - stepStarted: net.thucydides.core.steps.ExecutedStepDescription@47a7c93e
[Test worker] WARN net.thucydides.core.steps.BaseStepListener - stepFinished: current outcome:Search for a automation course:Example: {strUser=1000589749, strPassword=Choucair2021*, strCourse=Advanced Level Test Manager} [Given that Brandon wants to learn automation at the academy Choucair
| strUser | strPassword |
| 1000589749 | Choucair2021* | [Brandon open up [Brandon opens the Choucair academy page], Brandon login [Brandon clicks on Button that shows us the form to login, Brandon enters '1000589749' into Button that shows us the form to login, Brandon enters 'Choucair2021*' into Button that shows us the form to login, Brandon clicks on Button that shows us the form to login, Brandon clicks on Button that shows us the form to login, Brandon enters '1000589749' into Button that shows us the form to login, Brandon enters 'Choucair2021*' into Button that shows us the form to login, Brandon clicks on Button that shows us the form to login]], When he searches for the course on the Choucair academy platform
| strCourse |
| Advanced Level Test Manager | [Brandon search [Brandon clicks on Button that shows us the list of courses, Brandon enters 'Advanced Level Test Manager' into Bar that allows us to type the desired course, Brandon clicks on Button that allows us to search the desired course, Brandon clicks on Button that shows us the course]]]
[Test worker] WARN net.thucydides.core.steps.BaseStepListener - stepFinished: current outcome:Search for a automation course:Example: {strUser=1000589749, strPassword=Choucair2021*, strCourse=Advanced Level Test Manager} [Given that Brandon wants to learn automation at the academy Choucair
| strUser | strPassword |
| 1000589749 | Choucair2021* | [Brandon open up [Brandon opens the Choucair academy page], Brandon login [Brandon clicks on Button that shows us the form to login, Brandon enters '1000589749' into Button that shows us the form to login, Brandon enters 'Choucair2021*' into Button that shows us the form to login, Brandon clicks on Button that shows us the form to login, Brandon clicks on Button that shows us the form to login, Brandon enters '1000589749' into Button that shows us the form to login, Brandon enters 'Choucair2021*' into Button that shows us the form to login, Brandon clicks on Button that shows us the form to login]], When he searches for the course on the Choucair academy platform
| strCourse |
| Advanced Level Test Manager | [Brandon search [Brandon clicks on Button that shows us the list of courses, Brandon enters 'Advanced Level Test Manager' into Bar that allows us to type the desired course, Brandon clicks on Button that allows us to search the desired course, Brandon clicks on Button that shows us the course]]]
[Test worker] WARN net.thucydides.core.steps.BaseStepListener - stepFinished: current outcome:Search for a automation course:Example: {strUser=1000589749, strPassword=Choucair2021*, strCourse=Advanced Level Test Manager} [Given that Brandon wants to learn automation at the academy Choucair
| strUser | strPassword |
| 1000589749 | Choucair2021* | [Brandon open up [Brandon opens the Choucair academy page], Brandon login [Brandon clicks on Button that shows us the form to login, Brandon enters '1000589749' into Button that shows us the form to login, Brandon enters 'Choucair2021*' into Button that shows us the form to login, Brandon clicks on Button that shows us the form to login, Brandon clicks on Button that shows us the form to login, Brandon enters '1000589749' into Button that shows us the form to login, Brandon enters 'Choucair2021*' into Button that shows us the form to login, Brandon clicks on Button that shows us the form to login]], When he searches for the course on the Choucair academy platform
| strCourse |
| Advanced Level Test Manager | [Brandon search [Brandon clicks on Button that shows us the list of courses, Brandon enters 'Advanced Level Test Manager' into Bar that allows us to type the desired course, Brandon clicks on Button that allows us to search the desired course, Brandon clicks on Button that shows us the course]]]
[Test worker] WARN net.thucydides.core.steps.BaseStepListener - stepStarted: net.thucydides.core.steps.ExecutedStepDescription@39da5e49
[Test worker] WARN net.thucydides.core.steps.BaseStepListener - stepStarted: net.thucydides.core.steps.ExecutedStepDescription@110e9982
[Test worker] WARN net.thucydides.core.steps.BaseStepListener - stepFinished: current outcome:Search for a automation course:Example: {strUser=1000589749, strPassword=Choucair2021*, strCourse=Advanced Level Test Manager} [Given that Brandon wants to learn automation at the academy Choucair
| strUser | strPassword |
| 1000589749 | Choucair2021* | [Brandon open up [Brandon opens the Choucair academy page], Brandon login [Brandon clicks on Button that shows us the form to login, Brandon enters '1000589749' into Button that shows us the form to login, Brandon enters 'Choucair2021*' into Button that shows us the form to login, Brandon clicks on Button that shows us the form to login, Brandon clicks on Button that shows us the form to login, Brandon enters '1000589749' into Button that shows us the form to login, Brandon enters 'Choucair2021*' into Button that shows us the form to login, Brandon clicks on Button that shows us the form to login]], When he searches for the course on the Choucair academy platform
| strCourse |
| Advanced Level Test Manager | [Brandon search [Brandon clicks on Button that shows us the list of courses, Brandon enters 'Advanced Level Test Manager' into Bar that allows us to type the desired course, Brandon clicks on Button that allows us to search the desired course, Brandon clicks on Button that shows us the course]], Then he finds the course called
| strCourse |
| Advanced Level Test Manager | [Then answer]]
[Test worker] WARN net.thucydides.core.steps.BaseStepListener - stepFinished: current outcome:Search for a automation course:Example: {strUser=1000589749, strPassword=Choucair2021*, strCourse=Advanced Level Test Manager} [Given that Brandon wants to learn automation at the academy Choucair
| strUser | strPassword |
| 1000589749 | Choucair2021* | [Brandon open up [Brandon opens the Choucair academy page], Brandon login [Brandon clicks on Button that shows us the form to login, Brandon enters '1000589749' into Button that shows us the form to login, Brandon enters 'Choucair2021*' into Button that shows us the form to login, Brandon clicks on Button that shows us the form to login, Brandon clicks on Button that shows us the form to login, Brandon enters '1000589749' into Button that shows us the form to login, Brandon enters 'Choucair2021*' into Button that shows us the form to login, Brandon clicks on Button that shows us the form to login]], When he searches for the course on the Choucair academy platform
| strCourse |
| Advanced Level Test Manager | [Brandon search [Brandon clicks on Button that shows us the list of courses, Brandon enters 'Advanced Level Test Manager' into Bar that allows us to type the desired course, Brandon clicks on Button that allows us to search the desired course, Brandon clicks on Button that shows us the course]], Then he finds the course called
| strCourse |
| Advanced Level Test Manager | [Then answer]]
[Test worker] WARN net.thucydides.core.steps.BaseStepListener - stepFinished: current outcome:Search for a automation course:Example: {strUser=1000589749, strPassword=Choucair2021*, strCourse=Advanced Level Test Manager} [Given that Brandon wants to learn automation at the academy Choucair
| strUser | strPassword |
| 1000589749 | Choucair2021* | [Brandon open up [Brandon opens the Choucair academy page], Brandon login [Brandon clicks on Button that shows us the form to login, Brandon enters '1000589749' into Button that shows us the form to login, Brandon enters 'Choucair2021*' into Button that shows us the form to login, Brandon clicks on Button that shows us the form to login, Brandon clicks on Button that shows us the form to login, Brandon enters '1000589749' into Button that shows us the form to login, Brandon enters 'Choucair2021*' into Button that shows us the form to login, Brandon clicks on Button that shows us the form to login]], When he searches for the course on the Choucair academy platform
| strCourse |
| Advanced Level Test Manager | [Brandon search [Brandon clicks on Button that shows us the list of courses, Brandon enters 'Advanced Level Test Manager' into Bar that allows us to type the desired course, Brandon clicks on Button that allows us to search the desired course, Brandon clicks on Button that shows us the course]], Then he finds the course called
| strCourse |
| Advanced Level Test Manager | [Then answer]]
[Test worker] WARN net.thucydides.core.steps.BaseStepListener - testFinished: Search for a automation course:Example: {strUser=1000589749, strPassword=Choucair2021*, strCourse=Advanced Level Test Manager} [Given that Brandon wants to learn automation at the academy Choucair
| strUser | strPassword |
| 1000589749 | Choucair2021* | [Brandon open up [Brandon opens the Choucair academy page], Brandon login [Brandon clicks on Button that shows us the form to login, Brandon enters '1000589749' into Button that shows us the form to login, Brandon enters 'Choucair2021*' into Button that shows us the form to login, Brandon clicks on Button that shows us the form to login, Brandon clicks on Button that shows us the form to login, Brandon enters '1000589749' into Button that shows us the form to login, Brandon enters 'Choucair2021*' into Button that shows us the form to login, Brandon clicks on Button that shows us the form to login]], When he searches for the course on the Choucair academy platform
| strCourse |
| Advanced Level Test Manager | [Brandon search [Brandon clicks on Button that shows us the list of courses, Brandon enters 'Advanced Level Test Manager' into Bar that allows us to type the desired course, Brandon clicks on Button that allows us to search the desired course, Brandon clicks on Button that shows us the course]], Then he finds the course called
| strCourse |
| Advanced Level Test Manager | [Then answer]]
[Test worker] WARN net.thucydides.core.steps.BaseStepListener - TestOutcomes: [Search for a automation course:Example: {strUser=1000589749, strPassword=Choucair2021*, strCourse=Advanced Level Test Manager} [Given that Brandon wants to learn automation at the academy Choucair
| strUser | strPassword |
| 1000589749 | Choucair2021* | [Brandon open up [Brandon opens the Choucair academy page], Brandon login [Brandon clicks on Button that shows us the form to login, Brandon enters '1000589749' into Button that shows us the form to login, Brandon enters 'Choucair2021*' into Button that shows us the form to login, Brandon clicks on Button that shows us the form to login, Brandon clicks on Button that shows us the form to login, Brandon enters '1000589749' into Button that shows us the form to login, Brandon enters 'Choucair2021*' into Button that shows us the form to login, Brandon clicks on Button that shows us the form to login]], When he searches for the course on the Choucair academy platform
| strCourse |
| Advanced Level Test Manager | [Brandon search [Brandon clicks on Button that shows us the list of courses, Brandon enters 'Advanced Level Test Manager' into Bar that allows us to type the desired course, Brandon clicks on Button that allows us to search the desired course, Brandon clicks on Button that shows us the course]], Then he finds the course called
| strCourse |
| Advanced Level Test Manager | [Then answer]]]
[Test worker] WARN net.thucydides.core.steps.BaseStepListener - Final testOutcomes: [Search for a automation course:Example: {strUser=1000589749, strPassword=Choucair2021*, strCourse=Advanced Level Test Manager} [Given that Brandon wants to learn automation at the academy Choucair
| strUser | strPassword |
| 1000589749 | Choucair2021* | [Brandon open up [Brandon opens the Choucair academy page], Brandon login [Brandon clicks on Button that shows us the form to login, Brandon enters '1000589749' into Button that shows us the form to login, Brandon enters 'Choucair2021*' into Button that shows us the form to login, Brandon clicks on Button that shows us the form to login, Brandon clicks on Button that shows us the form to login, Brandon enters '1000589749' into Button that shows us the form to login, Brandon enters 'Choucair2021*' into Button that shows us the form to login, Brandon clicks on Button that shows us the form to login]], When he searches for the course on the Choucair academy platform
| strCourse |
| Advanced Level Test Manager | [Brandon search [Brandon clicks on Button that shows us the list of courses, Brandon enters 'Advanced Level Test Manager' into Bar that allows us to type the desired course, Brandon clicks on Button that allows us to search the desired course, Brandon clicks on Button that shows us the course]], Then he finds the course called
| strCourse |
| Advanced Level Test Manager | [Then answer]]]
[Test worker] INFO net.thucydides.core.steps.ConsoleLoggingListener - 
        __    _____ _____ ____ _____   ____   _    ____  ____  _____ ____  
  _     \ \  |_   _| ____/ ___|_   _| |  _ \ / \  / ___|/ ___|| ____|  _ \ 
 (_)_____| |   | | |  _| \___ \ | |   | |_) / _ \ \___ \\___ \|  _| | | | |
  _|_____| |   | | | |___ ___) || |   |  __/ ___ \ ___) |___) | |___| |_| |
 (_)     | |   |_| |_____|____/ |_|   |_| /_/   \_\____/|____/|_____|____/ 
        /_/                                                                

TEST PASSED: Search for a automation course
----------------------------------------------------------------------------
]]></system-err>
</testsuite>
